demo/build/outputs/logs/manifest-merger-debug-report.txt
-- Merging decision tree log ---
manifest
ADDED from FinalProject-master\demo\AndroidManifest.xml:2:1-118:12
	package
		ADDED from FinalProject-master\demo\AndroidManifest.xml:3:5-49
		INJECTED from FinalProject-master\demo\AndroidManifest.xml
		INJECTED from FinalProject-master\demo\AndroidManifest.xml
	android:versionName
		ADDED from FinalProject-master\demo\AndroidManifest.xml:5:5-30
		INJECTED from FinalProject-master\demo\AndroidManifest.xml
		INJECTED from FinalProject-master\demo\AndroidManifest.xml
	android:versionCode
		ADDED from FinalProject-master\demo\AndroidManifest.xml:4:5-28
		INJECTED from FinalProject-master\demo\AndroidManifest.xml
		INJECTED from FinalProject-master\demo\AndroidManifest.xml
	xmlns:android
		ADDED from FinalProject-master\demo\AndroidManifest.xml:2:11-69
uses-sdk
ADDED from FinalProject-master\demo\AndroidManifest.xml:7:5-9:41
MERGED from [com.google.maps.android:library:0.4.5-SNAPSHOT] AndroidManifest.xml:5:5-43
MERGED from [com.google.android.gms:play-services-maps:10.0.1] AndroidManifest.xml:23:5-42
MERGED from [com.google.android.gms:play-services-location:10.0.1] AndroidManifest.xml:3:5-42
MERGED from [com.google.firebase:firebase-core:10.0.1] AndroidManifest.xml:4:5-42
MERGED from [com.google.firebase:firebase-analytics:10.0.1] AndroidManifest.xml:17:5-42
MERGED from [com.google.firebase:firebase-analytics-impl:10.0.1] AndroidManifest.xml:17:5-42
MERGED from [com.google.firebase:firebase-iid:10.0.1] AndroidManifest.xml:17:5-42
MERGED from [com.google.firebase:firebase-storage:10.0.1] AndroidManifest.xml:3:5-42
MERGED from [com.google.firebase:firebase-storage-common:10.0.1] AndroidManifest.xml:3:5-42
MERGED from [com.google.firebase:firebase-auth:10.0.1] AndroidManifest.xml:17:5-42
MERGED from [com.google.android.gms:play-services-base:10.0.1] AndroidManifest.xml:17:5-42
MERGED from [com.google.firebase:firebase-common:10.0.1] AndroidManifest.xml:3:5-42
MERGED from [com.google.android.gms:play-services-tasks:10.0.1] AndroidManifest.xml:3:5-42
MERGED from [com.google.android.gms:play-services-basement:10.0.1] AndroidManifest.xml:17:5-42
MERGED from [com.android.support:design:24.2.1] AndroidManifest.xml:20:5-43
MERGED from [com.android.support:recyclerview-v7:24.2.1] AndroidManifest.xml:20:5-43
MERGED from [com.android.support.constraint:constraint-layout:1.0.2] AndroidManifest.xml:5:5-7:41
MERGED from [com.android.support:appcompat-v7:24.2.1] AndroidManifest.xml:21:5-23:78
MERGED from [com.android.support:support-v4:24.2.1] AndroidManifest.xml:21:5-23:54
MERGED from [com.android.support:support-fragment:24.2.1] AndroidManifest.xml:21:5-23:60
MERGED from [com.android.support:support-media-compat:24.2.1] AndroidManifest.xml:21:5-23:63
MERGED from [com.android.support:support-core-ui:24.2.1] AndroidManifest.xml:21:5-23:58
MERGED from [com.android.support:support-core-utils:24.2.1] AndroidManifest.xml:21:5-23:61
MERGED from [com.android.support:animated-vector-drawable:24.2.1] AndroidManifest.xml:20:5-44
MERGED from [com.android.support:support-vector-drawable:24.2.1] AndroidManifest.xml:21:5-43
MERGED from [com.android.support:support-compat:24.2.1] AndroidManifest.xml:21:5-23:58
	tools:overrideLibrary
		ADDED from [com.android.support:appcompat-v7:24.2.1] AndroidManifest.xml:23:9-75
	android:targetSdkVersion
		ADDED from FinalProject-master\demo\AndroidManifest.xml:9:9-38
	android:minSdkVersion
		ADDED from FinalProject-master\demo\AndroidManifest.xml:8:9-34
		INJECTED from FinalProject-master\demo\AndroidManifest.xml
		INJECTED from FinalProject-master\demo\AndroidManifest.xml
permission#com.google.maps.android.utils.permission.MAPS_RECEIVE
ADDED from FinalProject-master\demo\AndroidManifest.xml:11:5-13:47
	android:protectionLevel
		ADDED from FinalProject-master\demo\AndroidManifest.xml:13:9-44
	android:name
		ADDED from FinalProject-master\demo\AndroidManifest.xml:12:9-77
uses-permission#com.google.maps.android.utils.permission.MAPS_RECEIVE
ADDED from FinalProject-master\demo\AndroidManifest.xml:15:5-93
	android:name
		ADDED from FinalProject-master\demo\AndroidManifest.xml:15:22-90
uses-permission#android.permission.INTERNET
ADDED from FinalProject-master\demo\AndroidManifest.xml:16:5-67
MERGED from [com.google.android.gms:play-services-maps:10.0.1] AndroidManifest.xml:20:5-66
MERGED from [com.google.firebase:firebase-analytics:10.0.1] AndroidManifest.xml:20:5-66
MERGED from [com.google.firebase:firebase-analytics-impl:10.0.1] AndroidManifest.xml:20:5-66
MERGED from [com.google.firebase:firebase-iid:10.0.1] AndroidManifest.xml:20:5-66
	android:name
		ADDED from FinalProject-master\demo\AndroidManifest.xml:16:22-64
uses-permission#android.permission.ACCESS_NETWORK_STATE
ADDED from FinalProject-master\demo\AndroidManifest.xml:17:5-79
MERGED from [com.google.android.gms:play-services-maps:10.0.1] AndroidManifest.xml:19:5-78
MERGED from [com.google.firebase:firebase-analytics:10.0.1] AndroidManifest.xml:21:5-78
MERGED from [com.google.firebase:firebase-analytics-impl:10.0.1] AndroidManifest.xml:21:5-78
MERGED from [com.google.firebase:firebase-iid:10.0.1] AndroidManifest.xml:19:5-78
	android:name
		ADDED from FinalProject-master\demo\AndroidManifest.xml:17:22-76
uses-permission#android.permission.WRITE_EXTERNAL_STORAGE
ADDED from FinalProject-master\demo\AndroidManifest.xml:18:5-81
	android:name
		ADDED from FinalProject-master\demo\AndroidManifest.xml:18:22-78
uses-permission#com.google.android.providers.gsf.permission.READ_GSERVICES
ADDED from FinalProject-master\demo\AndroidManifest.xml:19:5-98
	android:name
		ADDED from FinalProject-master\demo\AndroidManifest.xml:19:22-95
uses-permission#android.permission.ACCESS_COARSE_LOCATION
ADDED from FinalProject-master\demo\AndroidManifest.xml:20:5-81
	android:name
		ADDED from FinalProject-master\demo\AndroidManifest.xml:20:22-78
uses-permission#android.permission.ACCESS_FINE_LOCATION
ADDED from FinalProject-master\demo\AndroidManifest.xml:21:5-79
	android:name
		ADDED from FinalProject-master\demo\AndroidManifest.xml:21:22-76
uses-feature#android.hardware.camera
ADDED from FinalProject-master\demo\AndroidManifest.xml:25:5-60
	android:name
		ADDED from FinalProject-master\demo\AndroidManifest.xml:25:19-57
uses-permission#android.permission.CAMERA
ADDED from FinalProject-master\demo\AndroidManifest.xml:27:5-65
	android:name
		ADDED from FinalProject-master\demo\AndroidManifest.xml:27:22-62
uses-feature#android.hardware.camera.autofocus
ADDED from FinalProject-master\demo\AndroidManifest.xml:29:5-70
	android:name
		ADDED from FinalProject-master\demo\AndroidManifest.xml:29:19-67
uses-permission#android.permission.READ_EXTERNAL_STORAGE
ADDED from FinalProject-master\demo\AndroidManifest.xml:32:5-34:38
	android:maxSdkVersion
		ADDED from FinalProject-master\demo\AndroidManifest.xml:34:9-35
	android:name
		ADDED from FinalProject-master\demo\AndroidManifest.xml:33:9-64
uses-feature#0x00020000
ADDED from FinalProject-master\demo\AndroidManifest.xml:36:5-38:35
MERGED from [com.google.android.gms:play-services-maps:10.0.1] AndroidManifest.xml:21:5-77
	android:glEsVersion
		ADDED from FinalProject-master\demo\AndroidManifest.xml:37:9-41
	android:required
		ADDED from FinalProject-master\demo\AndroidManifest.xml:38:9-32
uses-permission#android.permission.READ_PHONE_STATE
ADDED from FinalProject-master\demo\AndroidManifest.xml:40:5-75
	android:name
		ADDED from FinalProject-master\demo\AndroidManifest.xml:40:22-72
application
ADDED from FinalProject-master\demo\AndroidManifest.xml:53:5-116:19
MERGED from [com.google.maps.android:library:0.4.5-SNAPSHOT] AndroidManifest.xml:7:5-11:19
MERGED from [com.google.android.gms:play-services-maps:10.0.1] AndroidManifest.xml:24:5-19
MERGED from [com.google.android.gms:play-services-location:10.0.1] AndroidManifest.xml:4:5-19
MERGED from [com.google.firebase:firebase-core:10.0.1] AndroidManifest.xml:5:5-20
MERGED from [com.google.firebase:firebase-analytics:10.0.1] AndroidManifest.xml:24:5-33:19
MERGED from [com.google.firebase:firebase-analytics-impl:10.0.1] AndroidManifest.xml:24:5-28:19
MERGED from [com.google.firebase:firebase-iid:10.0.1] AndroidManifest.xml:28:5-50:19
MERGED from [com.google.firebase:firebase-auth:10.0.1] AndroidManifest.xml:19:5-20:19
MERGED from [com.google.android.gms:play-services-base:10.0.1] AndroidManifest.xml:18:5-20:19
MERGED from [com.google.firebase:firebase-common:10.0.1] AndroidManifest.xml:4:5-7:19
MERGED from [com.google.android.gms:play-services-tasks:10.0.1] AndroidManifest.xml:4:5-19
MERGED from [com.google.android.gms:play-services-basement:10.0.1] AndroidManifest.xml:19:5-21:19
MERGED from [com.android.support:design:24.2.1] AndroidManifest.xml:22:5-20
MERGED from [com.android.support.constraint:constraint-layout:1.0.2] AndroidManifest.xml:9:5-20
MERGED from [com.android.support:appcompat-v7:24.2.1] AndroidManifest.xml:25:5-20
MERGED from [com.android.support:support-v4:24.2.1] AndroidManifest.xml:25:5-20
MERGED from [com.android.support:support-fragment:24.2.1] AndroidManifest.xml:25:5-20
MERGED from [com.android.support:support-media-compat:24.2.1] AndroidManifest.xml:25:5-20
MERGED from [com.android.support:support-core-ui:24.2.1] AndroidManifest.xml:25:5-20
MERGED from [com.android.support:support-core-utils:24.2.1] AndroidManifest.xml:25:5-20
MERGED from [com.android.support:animated-vector-drawable:24.2.1] AndroidManifest.xml:22:5-20
MERGED from [com.android.support:support-vector-drawable:24.2.1] AndroidManifest.xml:23:5-20
MERGED from [com.android.support:support-compat:24.2.1] AndroidManifest.xml:25:5-20
	android:label
		ADDED from FinalProject-master\demo\AndroidManifest.xml:56:9-41
	android:allowBackup
		ADDED from FinalProject-master\demo\AndroidManifest.xml:54:9-36
	android:icon
		ADDED from FinalProject-master\demo\AndroidManifest.xml:55:9-45
	android:theme
		ADDED from FinalProject-master\demo\AndroidManifest.xml:57:9-50
meta-data#com.google.android.gms.version
ADDED from FinalProject-master\demo\AndroidManifest.xml:58:9-60:69
MERGED from [com.google.maps.android:library:0.4.5-SNAPSHOT] AndroidManifest.xml:8:9-10:69
MERGED from [com.google.android.gms:play-services-basement:10.0.1] AndroidManifest.xml:20:9-121
	android:value
		ADDED from FinalProject-master\demo\AndroidManifest.xml:60:13-66
	android:name
		ADDED from FinalProject-master\demo\AndroidManifest.xml:59:13-58
activity#com.google.maps.android.utils.demo.MainActivity
ADDED from FinalProject-master\demo\AndroidManifest.xml:62:9-70:20
	android:label
		ADDED from FinalProject-master\demo\AndroidManifest.xml:64:13-45
	android:name
		ADDED from FinalProject-master\demo\AndroidManifest.xml:63:13-41
intent-filter#android.intent.action.MAIN+android.intent.category.LAUNCHER
ADDED from FinalProject-master\demo\AndroidManifest.xml:65:13-69:29
action#android.intent.action.MAIN
ADDED from FinalProject-master\demo\AndroidManifest.xml:66:17-69
	android:name
		ADDED from FinalProject-master\demo\AndroidManifest.xml:66:25-66
category#android.intent.category.LAUNCHER
ADDED from FinalProject-master\demo\AndroidManifest.xml:68:17-77
	android:name
		ADDED from FinalProject-master\demo\AndroidManifest.xml:68:27-74
activity#com.google.maps.android.utils.demo.CustomMarkerClusteringDemoActivity
ADDED from FinalProject-master\demo\AndroidManifest.xml:71:9-72
	android:name
		ADDED from FinalProject-master\demo\AndroidManifest.xml:71:19-69
activity#com.google.maps.android.utils.demo.HelpActivity
ADDED from FinalProject-master\demo\AndroidManifest.xml:72:9-74:59
	android:label
		ADDED from FinalProject-master\demo\AndroidManifest.xml:74:13-56
	android:name
		ADDED from FinalProject-master\demo\AndroidManifest.xml:73:13-41
activity#com.google.maps.android.utils.demo.AddActivity
ADDED from FinalProject-master\demo\AndroidManifest.xml:75:9-77:58
	android:label
		ADDED from FinalProject-master\demo\AndroidManifest.xml:77:13-55
	android:name
		ADDED from FinalProject-master\demo\AndroidManifest.xml:76:13-40
activity#com.google.maps.android.utils.demo.PhotoActivity
ADDED from FinalProject-master\demo\AndroidManifest.xml:78:9-51
	android:name
		ADDED from FinalProject-master\demo\AndroidManifest.xml:78:19-48
activity#com.google.maps.android.utils.demo.CreateGameActivity
ADDED from FinalProject-master\demo\AndroidManifest.xml:79:9-86:20
	android:label
		ADDED from FinalProject-master\demo\AndroidManifest.xml:81:13-63
	android:parentActivityName
		ADDED from FinalProject-master\demo\AndroidManifest.xml:82:13-55
	android:name
		ADDED from FinalProject-master\demo\AndroidManifest.xml:80:13-47
meta-data#android.support.PARENT_ACTIVITY
ADDED from FinalProject-master\demo\AndroidManifest.xml:83:13-85:83
	android:value
		ADDED from FinalProject-master\demo\AndroidManifest.xml:85:17-80
	android:name
		ADDED from FinalProject-master\demo\AndroidManifest.xml:84:17-63
activity#com.google.maps.android.utils.demo.ObjPropertyActivity
ADDED from FinalProject-master\demo\AndroidManifest.xml:87:9-94:20
	android:label
		ADDED from FinalProject-master\demo\AndroidManifest.xml:89:13-64
	android:parentActivityName
		ADDED from FinalProject-master\demo\AndroidManifest.xml:90:13-61
	android:name
		ADDED from FinalProject-master\demo\AndroidManifest.xml:88:13-48
activity#com.google.maps.android.utils.demo.AddObjActivity
ADDED from FinalProject-master\demo\AndroidManifest.xml:95:9-102:20
	android:label
		ADDED from FinalProject-master\demo\AndroidManifest.xml:97:13-59
	android:parentActivityName
		ADDED from FinalProject-master\demo\AndroidManifest.xml:98:13-62
	android:name
		ADDED from FinalProject-master\demo\AndroidManifest.xml:96:13-43
meta-data#com.google.android.geo.API_KEY
ADDED from FinalProject-master\demo\AndroidManifest.xml:104:9-106:55
	android:value
		ADDED from FinalProject-master\demo\AndroidManifest.xml:106:13-52
	android:name
		ADDED from FinalProject-master\demo\AndroidManifest.xml:105:13-58
activity#com.google.maps.android.utils.demo.SetLocationActivity
ADDED from FinalProject-master\demo\AndroidManifest.xml:108:9-115:20
	android:label
		ADDED from FinalProject-master\demo\AndroidManifest.xml:110:13-64
	android:name
		ADDED from FinalProject-master\demo\AndroidManifest.xml:109:13-82
uses-permission#android.permission.WAKE_LOCK
ADDED from [com.google.firebase:firebase-analytics:10.0.1] AndroidManifest.xml:22:5-67
MERGED from [com.google.firebase:firebase-analytics-impl:10.0.1] AndroidManifest.xml:22:5-67
MERGED from [com.google.firebase:firebase-iid:10.0.1] AndroidManifest.xml:21:5-67
	android:name
		ADDED from [com.google.firebase:firebase-analytics:10.0.1] AndroidManifest.xml:22:22-65
receiver#com.google.android.gms.measurement.AppMeasurementReceiver
ADDED from [com.google.firebase:firebase-analytics:10.0.1] AndroidManifest.xml:25:7-26:18
MERGED from [com.google.firebase:firebase-analytics-impl:10.0.1] AndroidManifest.xml:25:7-26:18
	android:enabled
		ADDED from [com.google.firebase:firebase-analytics:10.0.1] AndroidManifest.xml:25:90-112
	android:exported
		ADDED from [com.google.firebase:firebase-analytics:10.0.1] AndroidManifest.xml:25:113-137
	android:name
		ADDED from [com.google.firebase:firebase-analytics:10.0.1] AndroidManifest.xml:25:17-89
receiver#com.google.android.gms.measurement.AppMeasurementInstallReferrerReceiver
ADDED from [com.google.firebase:firebase-analytics:10.0.1] AndroidManifest.xml:27:7-31:18
	android:enabled
		ADDED from [com.google.firebase:firebase-analytics:10.0.1] AndroidManifest.xml:27:162-184
	android:permission
		ADDED from [com.google.firebase:firebase-analytics:10.0.1] AndroidManifest.xml:27:105-161
	android:name
		ADDED from [com.google.firebase:firebase-analytics:10.0.1] AndroidManifest.xml:27:17-104
intent-filter#com.android.vending.INSTALL_REFERRER
ADDED from [com.google.firebase:firebase-analytics:10.0.1] AndroidManifest.xml:28:11-30:27
action#com.android.vending.INSTALL_REFERRER
ADDED from [com.google.firebase:firebase-analytics:10.0.1] AndroidManifest.xml:29:15-76
	android:name
		ADDED from [com.google.firebase:firebase-analytics:10.0.1] AndroidManifest.xml:29:23-74
service#com.google.android.gms.measurement.AppMeasurementService
ADDED from [com.google.firebase:firebase-analytics:10.0.1] AndroidManifest.xml:32:7-137
MERGED from [com.google.firebase:firebase-analytics-impl:10.0.1] AndroidManifest.xml:27:7-137
	android:enabled
		ADDED from [com.google.firebase:firebase-analytics:10.0.1] AndroidManifest.xml:32:88-110
	android:exported
		ADDED from [com.google.firebase:firebase-analytics:10.0.1] AndroidManifest.xml:32:111-135
	android:name
		ADDED from [com.google.firebase:firebase-analytics:10.0.1] AndroidManifest.xml:32:16-87
uses-permission#com.google.android.c2dm.permission.RECEIVE
ADDED from [com.google.firebase:firebase-iid:10.0.1] AndroidManifest.xml:22:5-81
	android:name
		ADDED from [com.google.firebase:firebase-iid:10.0.1] AndroidManifest.xml:22:22-79
permission#${applicationId}.permission.C2D_MESSAGE
ADDED from [com.google.firebase:firebase-iid:10.0.1] AndroidManifest.xml:24:5-109
	android:protectionLevel
		ADDED from [com.google.firebase:firebase-iid:10.0.1] AndroidManifest.xml:24:72-107
	android:name
		ADDED from [com.google.firebase:firebase-iid:10.0.1] AndroidManifest.xml:24:17-71
uses-permission#${applicationId}.permission.C2D_MESSAGE
ADDED from [com.google.firebase:firebase-iid:10.0.1] AndroidManifest.xml:26:5-78
	android:name
		ADDED from [com.google.firebase:firebase-iid:10.0.1] AndroidManifest.xml:26:22-76
receiver#com.google.firebase.iid.FirebaseInstanceIdReceiver
ADDED from [com.google.firebase:firebase-iid:10.0.1] AndroidManifest.xml:30:9-36:20
	android:exported
		ADDED from [com.google.firebase:firebase-iid:10.0.1] AndroidManifest.xml:30:85-108
	android:permission
		ADDED from [com.google.firebase:firebase-iid:10.0.1] AndroidManifest.xml:30:109-169
	android:name
		ADDED from [com.google.firebase:firebase-iid:10.0.1] AndroidManifest.xml:30:19-84
intent-filter#${applicationId}+com.google.android.c2dm.intent.RECEIVE+com.google.android.c2dm.intent.REGISTRATION
ADDED from [com.google.firebase:firebase-iid:10.0.1] AndroidManifest.xml:31:13-35:29
action#com.google.android.c2dm.intent.RECEIVE
ADDED from [com.google.firebase:firebase-iid:10.0.1] AndroidManifest.xml:32:17-80
	android:name
		ADDED from [com.google.firebase:firebase-iid:10.0.1] AndroidManifest.xml:32:25-78
action#com.google.android.c2dm.intent.REGISTRATION
ADDED from [com.google.firebase:firebase-iid:10.0.1] AndroidManifest.xml:33:17-85
	android:name
		ADDED from [com.google.firebase:firebase-iid:10.0.1] AndroidManifest.xml:33:25-83
category#${applicationId}
ADDED from [com.google.firebase:firebase-iid:10.0.1] AndroidManifest.xml:34:17-60
	android:name
		ADDED from [com.google.firebase:firebase-iid:10.0.1] AndroidManifest.xml:34:27-58
receiver#com.google.firebase.iid.FirebaseInstanceIdInternalReceiver
ADDED from [com.google.firebase:firebase-iid:10.0.1] AndroidManifest.xml:40:9-119
	android:exported
		ADDED from [com.google.firebase:firebase-iid:10.0.1] AndroidManifest.xml:40:93-117
	android:name
		ADDED from [com.google.firebase:firebase-iid:10.0.1] AndroidManifest.xml:40:19-92
service#com.google.firebase.iid.FirebaseInstanceIdService
ADDED from [com.google.firebase:firebase-iid:10.0.1] AndroidManifest.xml:44:9-48:19
	android:exported
		ADDED from [com.google.firebase:firebase-iid:10.0.1] AndroidManifest.xml:44:83-106
	android:name
		ADDED from [com.google.firebase:firebase-iid:10.0.1] AndroidManifest.xml:44:18-82
intent-filter#com.google.firebase.INSTANCE_ID_EVENT
ADDED from [com.google.firebase:firebase-iid:10.0.1] AndroidManifest.xml:45:13-47:29
	android:priority
		ADDED from [com.google.firebase:firebase-iid:10.0.1] AndroidManifest.xml:45:28-51
action#com.google.firebase.INSTANCE_ID_EVENT
ADDED from [com.google.firebase:firebase-iid:10.0.1] AndroidManifest.xml:46:17-79
	android:name
		ADDED from [com.google.firebase:firebase-iid:10.0.1] AndroidManifest.xml:46:25-77
activity#com.google.android.gms.common.api.GoogleApiActivity
ADDED from [com.google.android.gms:play-services-base:10.0.1] AndroidManifest.xml:19:9-172
	android:exported
		ADDED from [com.google.android.gms:play-services-base:10.0.1] AndroidManifest.xml:19:146-170
	android:theme
		ADDED from [com.google.android.gms:play-services-base:10.0.1] AndroidManifest.xml:19:86-145
	android:name
		ADDED from [com.google.android.gms:play-services-base:10.0.1] AndroidManifest.xml:19:19-85
provider#com.google.firebase.provider.FirebaseInitProvider
ADDED from [com.google.firebase:firebase-common:10.0.1] AndroidManifest.xml:6:9-194
	android:authorities
		ADDED from [com.google.firebase:firebase-common:10.0.1] AndroidManifest.xml:6:19-78
	android:exported
		ADDED from [com.google.firebase:firebase-common:10.0.1] AndroidManifest.xml:6:144-168
	android:initOrder
		ADDED from [com.google.firebase:firebase-common:10.0.1] AndroidManifest.xml:6:169-192
	android:name
		ADDED from [com.google.firebase:firebase-common:10.0.1] AndroidManifest.xml:6:79-143